<?xml version="1.0" encoding="UTF-8"?>
<!-- Generated by org.testng.reporters.JUnitReportReporter -->
<testsuite skipped="0" hostname="WLW7-PRIYANKAM" name="com.lavante.configurator.TestScripts.UserTest" tests="1" failures="0" timestamp="26 Sep 2017 11:53:07 GMT" time="51.498" errors="0">
  <testcase name="AddEditUser" time="51.498" classname="com.lavante.configurator.TestScripts.UserTest"/>
</testsuite> <!-- com.lavante.configurator.TestScripts.UserTest -->
