<?xml version="1.0" encoding="UTF-8"?>
<!-- Generated by org.testng.reporters.JUnitReportReporter -->
<testsuite hostname="WLW7-TALLURYS" name="lavante.recovery.testsuites.SanityTestSuite" tests="44" failures="0" timestamp="27 Jun 2016 09:56:45 GMT" time="758.186" errors="0">
  <testcase name="verifyStatementsAssignmentsPage" time="59.212" classname="lavante.recovery.testsuites.SanityTestSuite"/>
  <testcase name="verifyAuditLink" time="10.779" classname="lavante.recovery.testsuites.SanityTestSuite"/>
  <testcase name="verifyPossibleDupesPage" time="21.832" classname="lavante.recovery.testsuites.SanityTestSuite"/>
  <testcase name="verifyCreditsAssignmentsPage" time="20.199" classname="lavante.recovery.testsuites.SanityTestSuite"/>
  <testcase name="verifyAccountUsersPage" time="3.101" classname="lavante.recovery.testsuites.SanityTestSuite"/>
  <testcase name="verifyauditStatisticsAssignmentsPage" time="15.074" classname="lavante.recovery.testsuites.SanityTestSuite"/>
  <testcase name="verifyauditOutboundPage" time="3.986" classname="lavante.recovery.testsuites.SanityTestSuite"/>
  <testcase name="verifyDashBoardClaims" time="8.827" classname="lavante.recovery.testsuites.SanityTestSuite"/>
  <testcase name="verifyOthersPage" time="4.679" classname="lavante.recovery.testsuites.SanityTestSuite"/>
  <testcase name="verifyDashBoardLink" time="7.711" classname="lavante.recovery.testsuites.SanityTestSuite"/>
  <testcase name="verifyInvoicesPage" time="13.270" classname="lavante.recovery.testsuites.SanityTestSuite"/>
  <testcase name="verifySetupManageCurrencyPage" time="7.810" classname="lavante.recovery.testsuites.SanityTestSuite"/>
  <testcase name="verifyFaxJobsPage" time="229.694" classname="lavante.recovery.testsuites.SanityTestSuite"/>
  <testcase name="verifyAccountUserGroupsPage" time="4.866" classname="lavante.recovery.testsuites.SanityTestSuite"/>
  <testcase name="verifyCheckRegistryPage" time="5.674" classname="lavante.recovery.testsuites.SanityTestSuite"/>
  <testcase name="verifycontactEntryPage" time="7.551" classname="lavante.recovery.testsuites.SanityTestSuite"/>
  <testcase name="verifySetupBUPage" time="4.691" classname="lavante.recovery.testsuites.SanityTestSuite"/>
  <testcase name="verifyMailerRegistryPage" time="8.177" classname="lavante.recovery.testsuites.SanityTestSuite"/>
  <testcase name="verifyClaimsPage" time="7.088" classname="lavante.recovery.testsuites.SanityTestSuite"/>
  <testcase name="verifyAccountPage" time="5.442" classname="lavante.recovery.testsuites.SanityTestSuite"/>
  <testcase name="verifyPhoneExtensionPage" time="8.286" classname="lavante.recovery.testsuites.SanityTestSuite"/>
  <testcase name="verifySetupClientPage" time="7.703" classname="lavante.recovery.testsuites.SanityTestSuite"/>
  <testcase name="verifyBackGroundJobsPage" time="7.123" classname="lavante.recovery.testsuites.SanityTestSuite"/>
  <testcase name="verifyAccountAuditGroupsPage" time="5.683" classname="lavante.recovery.testsuites.SanityTestSuite"/>
  <testcase name="verifyAccountNotificationPage" time="4.862" classname="lavante.recovery.testsuites.SanityTestSuite"/>
  <testcase name="verifyFinancePage" time="4.682" classname="lavante.recovery.testsuites.SanityTestSuite"/>
  <testcase name="verifySetupPreferencesPage" time="7.453" classname="lavante.recovery.testsuites.SanityTestSuite"/>
  <testcase name="verifyFinContractDetailsPage" time="8.445" classname="lavante.recovery.testsuites.SanityTestSuite"/>
  <testcase name="verifySetupReqLetterPage" time="7.914" classname="lavante.recovery.testsuites.SanityTestSuite"/>
  <testcase name="verifySetupPage" time="4.445" classname="lavante.recovery.testsuites.SanityTestSuite"/>
  <testcase name="verifyFinInvoicesPage" time="0.049" classname="lavante.recovery.testsuites.SanityTestSuite"/>
  <testcase name="verifyInvoicePage" time="24.771" classname="lavante.recovery.testsuites.SanityTestSuite"/>
  <testcase name="verifySummaryPage" time="12.287" classname="lavante.recovery.testsuites.SanityTestSuite"/>
  <testcase name="verifyBatchingPage" time="20.425" classname="lavante.recovery.testsuites.SanityTestSuite"/>
  <testcase name="verifyDashBoardSupplier" time="34.613" classname="lavante.recovery.testsuites.SanityTestSuite"/>
  <testcase name="verifyConfigTab" time="12.333" classname="lavante.recovery.testsuites.SanityTestSuite"/>
  <testcase name="verifyDashBoardCompliance" time="14.543" classname="lavante.recovery.testsuites.SanityTestSuite"/>
  <testcase name="verifyOthersFaxCommentsPage" time="6.463" classname="lavante.recovery.testsuites.SanityTestSuite"/>
  <testcase name="verifyHoldsAssignmentsPage" time="20.326" classname="lavante.recovery.testsuites.SanityTestSuite"/>
  <testcase name="verifyUploadsPage" time="15.654" classname="lavante.recovery.testsuites.SanityTestSuite"/>
  <testcase name="verifyAssignmentsPage" time="10.694" classname="lavante.recovery.testsuites.SanityTestSuite"/>
  <testcase name="verifyCreditrejectionPage" time="7.686" classname="lavante.recovery.testsuites.SanityTestSuite"/>
  <testcase name="verifyauditInboundPage" time="62.040" classname="lavante.recovery.testsuites.SanityTestSuite"/>
  <testcase name="verifySetupAuditPage" time="0.043" classname="lavante.recovery.testsuites.SanityTestSuite"/>
</testsuite> <!-- lavante.recovery.testsuites.SanityTestSuite -->
